<?xml version="1.0" encoding="UTF-8"?>
<TestRun id="65682693-0a83-4f2c-8f0f-524af18761db" name="SL410@XQUANT-JUNWEI 2012-01-30 16:58:06" runUser="XQUANT-JUNWEI\SL410" xmlns="http://microsoft.com/schemas/VisualStudio/TeamTest/2010">
  <TestSettings name="本地" id="b00c8703-a420-48f2-8dc0-ceffd2a2d82a">
    <Description>这些设置为本地测试运行的默认测试设置。</Description>
    <Deployment enabled="false" runDeploymentRoot="SL410_XQUANT-JUNWEI 2012-01-30 16_58_06">
      <DeploymentItem filename="E:\net_lib\Ninject-2.2.1.0-release-net-4.0\Ninject.dll" />
      <DeploymentItem filename="E:\net_lib\Moq.4.0.10827\NET40\Moq.dll" />
      <DeploymentItem filename="E:\project\SportsStore\SportsStore.WebUI\bin\SportsStore.WebUI.dll" />
      <DeploymentItem filename="E:\project\SportsStore\SportsStore.Domain\bin\Debug\SportsStore.Domain.dll" />
      <DeploymentItem filename="E:\project\SportsStore\packages\EntityFramework.4.2.0.0\lib\net40\EntityFramework.dll" />
    </Deployment>
    <Execution>
      <TestTypeSpecific />
      <AgentRule name="Execution Agents">
      </AgentRule>
    </Execution>
  </TestSettings>
  <Times creation="2012-01-30T16:58:06.2968750+08:00" queuing="2012-01-30T16:58:06.3750000+08:00" start="2012-01-30T16:58:06.3750000+08:00" finish="2012-01-30T16:58:07.0000000+08:00" />
  <ResultSummary outcome="Completed">
    <Counters total="2" executed="2" passed="2" error="0" failed="0" timeout="0" aborted="0" inconclusive="0" passedButRunAborted="0" notRunnable="0" notExecuted="0" disconnected="0" warning="0" completed="0" inProgress="0" pending="0" />
  </ResultSummary>
  <TestDefinitions>
    <UnitTest name="Can_Pagination" storage="e:\project\sportsstore\sportsstore.unittests\bin\debug\sportsstore.unittests.dll" id="9c512752-a5dd-100b-2d0e-3ca1fdb5ca81">
      <Execution id="1cf1031f-f290-4d59-b2fd-ecdeeb8a524a" />
      <TestMethod codeBase="E:/project/SportsStore/SportsStore.UnitTests/bin/Debug/SportsStore.UnitTests.DLL" adapterTypeName="Microsoft.VisualStudio.TestTools.TestTypes.Unit.UnitTestAdapter, Microsoft.VisualStudio.QualityTools.Tips.UnitTest.Adapter, Version=10.0.0.0, Culture=neutral, PublicKeyToken=b03f5f7f11d50a3a" className="SportsStore.UnitTests.ProductControllerTest, SportsStore.UnitTests, Version=1.0.0.0, Culture=neutral, PublicKeyToken=null" name="Can_Pagination" />
    </UnitTest>
    <UnitTest name="Can_Generate_Page_Link" storage="e:\project\sportsstore\sportsstore.unittests\bin\debug\sportsstore.unittests.dll" id="926dd426-9f17-61fd-9877-529a4616624a">
      <Execution id="a850b91a-2c86-4fb8-9474-573594b3d207" />
      <TestMethod codeBase="E:/project/SportsStore/SportsStore.UnitTests/bin/Debug/SportsStore.UnitTests.DLL" adapterTypeName="Microsoft.VisualStudio.TestTools.TestTypes.Unit.UnitTestAdapter, Microsoft.VisualStudio.QualityTools.Tips.UnitTest.Adapter, Version=10.0.0.0, Culture=neutral, PublicKeyToken=b03f5f7f11d50a3a" className="SportsStore.UnitTests.ProductControllerTest, SportsStore.UnitTests, Version=1.0.0.0, Culture=neutral, PublicKeyToken=null" name="Can_Generate_Page_Link" />
    </UnitTest>
  </TestDefinitions>
  <TestLists>
    <TestList name="列表中未列出的结果" id="8c84fa94-04c1-424b-9868-57a2d4851a1d" />
    <TestList name="所有已加载的结果" id="19431567-8539-422a-85d7-44ee4e166bda" />
  </TestLists>
  <TestEntries>
    <TestEntry testId="926dd426-9f17-61fd-9877-529a4616624a" executionId="a850b91a-2c86-4fb8-9474-573594b3d207" testListId="8c84fa94-04c1-424b-9868-57a2d4851a1d" />
    <TestEntry testId="9c512752-a5dd-100b-2d0e-3ca1fdb5ca81" executionId="1cf1031f-f290-4d59-b2fd-ecdeeb8a524a" testListId="8c84fa94-04c1-424b-9868-57a2d4851a1d" />
  </TestEntries>
  <Results>
    <UnitTestResult executionId="a850b91a-2c86-4fb8-9474-573594b3d207" testId="926dd426-9f17-61fd-9877-529a4616624a" testName="Can_Generate_Page_Link" computerName="XQUANT-JUNWEI" duration="00:00:00.0371524" startTime="2012-01-30T16:58:06.4062500+08:00" endTime="2012-01-30T16:58:06.7031250+08:00" testType="13cdc9d9-ddb5-4fa4-a97d-d965ccfc6d4b" outcome="Passed" testListId="8c84fa94-04c1-424b-9868-57a2d4851a1d" relativeResultsDirectory="a850b91a-2c86-4fb8-9474-573594b3d207">
    </UnitTestResult>
    <UnitTestResult executionId="1cf1031f-f290-4d59-b2fd-ecdeeb8a524a" testId="9c512752-a5dd-100b-2d0e-3ca1fdb5ca81" testName="Can_Pagination" computerName="XQUANT-JUNWEI" duration="00:00:00.2275923" startTime="2012-01-30T16:58:06.7031250+08:00" endTime="2012-01-30T16:58:06.9375000+08:00" testType="13cdc9d9-ddb5-4fa4-a97d-d965ccfc6d4b" outcome="Passed" testListId="8c84fa94-04c1-424b-9868-57a2d4851a1d" relativeResultsDirectory="1cf1031f-f290-4d59-b2fd-ecdeeb8a524a">
    </UnitTestResult>
  </Results>
</TestRun>