<?xml version="1.0" encoding="UTF-8"?>
<TestRun id="bea2cf93-8fcd-47eb-b944-146b4d676e7e" name="SL410@XQUANT-JUNWEI 2012-01-30 17:11:07" runUser="XQUANT-JUNWEI\SL410" xmlns="http://microsoft.com/schemas/VisualStudio/TeamTest/2010">
  <TestSettings name="本地" id="b00c8703-a420-48f2-8dc0-ceffd2a2d82a">
    <Description>这些设置为本地测试运行的默认测试设置。</Description>
    <Deployment enabled="false" runDeploymentRoot="SL410_XQUANT-JUNWEI 2012-01-30 17_11_07">
      <DeploymentItem filename="E:\net_lib\Ninject-2.2.1.0-release-net-4.0\Ninject.dll" />
      <DeploymentItem filename="E:\net_lib\Moq.4.0.10827\NET40\Moq.dll" />
      <DeploymentItem filename="E:\project\SportsStore\SportsStore.WebUI\bin\SportsStore.WebUI.dll" />
      <DeploymentItem filename="E:\project\SportsStore\SportsStore.Domain\bin\Debug\SportsStore.Domain.dll" />
      <DeploymentItem filename="E:\project\SportsStore\packages\EntityFramework.4.2.0.0\lib\net40\EntityFramework.dll" />
    </Deployment>
    <Execution>
      <TestTypeSpecific />
      <AgentRule name="Execution Agents">
      </AgentRule>
    </Execution>
  </TestSettings>
  <Times creation="2012-01-30T17:11:07.0781250+08:00" queuing="2012-01-30T17:11:07.1250000+08:00" start="2012-01-30T17:11:07.1250000+08:00" finish="2012-01-30T17:11:07.7656250+08:00" />
  <ResultSummary outcome="Completed">
    <Counters total="2" executed="2" passed="2" error="0" failed="0" timeout="0" aborted="0" inconclusive="0" passedButRunAborted="0" notRunnable="0" notExecuted="0" disconnected="0" warning="0" completed="0" inProgress="0" pending="0" />
  </ResultSummary>
  <TestDefinitions>
    <UnitTest name="Can_Pagination" storage="e:\project\sportsstore\sportsstore.unittests\bin\debug\sportsstore.unittests.dll" id="9c512752-a5dd-100b-2d0e-3ca1fdb5ca81">
      <Execution id="6d106fb2-270b-4b06-97f1-42a98a80a8b6" />
      <TestMethod codeBase="E:/project/SportsStore/SportsStore.UnitTests/bin/Debug/SportsStore.UnitTests.DLL" adapterTypeName="Microsoft.VisualStudio.TestTools.TestTypes.Unit.UnitTestAdapter, Microsoft.VisualStudio.QualityTools.Tips.UnitTest.Adapter, Version=10.0.0.0, Culture=neutral, PublicKeyToken=b03f5f7f11d50a3a" className="SportsStore.UnitTests.ProductControllerTest, SportsStore.UnitTests, Version=1.0.0.0, Culture=neutral, PublicKeyToken=null" name="Can_Pagination" />
    </UnitTest>
    <UnitTest name="Can_Generate_Page_Link" storage="e:\project\sportsstore\sportsstore.unittests\bin\debug\sportsstore.unittests.dll" id="926dd426-9f17-61fd-9877-529a4616624a">
      <Execution id="a624d2b3-bd60-498b-9922-bd16fbc0d5db" />
      <TestMethod codeBase="E:/project/SportsStore/SportsStore.UnitTests/bin/Debug/SportsStore.UnitTests.DLL" adapterTypeName="Microsoft.VisualStudio.TestTools.TestTypes.Unit.UnitTestAdapter, Microsoft.VisualStudio.QualityTools.Tips.UnitTest.Adapter, Version=10.0.0.0, Culture=neutral, PublicKeyToken=b03f5f7f11d50a3a" className="SportsStore.UnitTests.ProductControllerTest, SportsStore.UnitTests, Version=1.0.0.0, Culture=neutral, PublicKeyToken=null" name="Can_Generate_Page_Link" />
    </UnitTest>
  </TestDefinitions>
  <TestLists>
    <TestList name="列表中未列出的结果" id="8c84fa94-04c1-424b-9868-57a2d4851a1d" />
    <TestList name="所有已加载的结果" id="19431567-8539-422a-85d7-44ee4e166bda" />
  </TestLists>
  <TestEntries>
    <TestEntry testId="926dd426-9f17-61fd-9877-529a4616624a" executionId="a624d2b3-bd60-498b-9922-bd16fbc0d5db" testListId="8c84fa94-04c1-424b-9868-57a2d4851a1d" />
    <TestEntry testId="9c512752-a5dd-100b-2d0e-3ca1fdb5ca81" executionId="6d106fb2-270b-4b06-97f1-42a98a80a8b6" testListId="8c84fa94-04c1-424b-9868-57a2d4851a1d" />
  </TestEntries>
  <Results>
    <UnitTestResult executionId="a624d2b3-bd60-498b-9922-bd16fbc0d5db" testId="926dd426-9f17-61fd-9877-529a4616624a" testName="Can_Generate_Page_Link" computerName="XQUANT-JUNWEI" duration="00:00:00.0443397" startTime="2012-01-30T17:11:07.1718750+08:00" endTime="2012-01-30T17:11:07.4843750+08:00" testType="13cdc9d9-ddb5-4fa4-a97d-d965ccfc6d4b" outcome="Passed" testListId="8c84fa94-04c1-424b-9868-57a2d4851a1d" relativeResultsDirectory="a624d2b3-bd60-498b-9922-bd16fbc0d5db">
    </UnitTestResult>
    <UnitTestResult executionId="6d106fb2-270b-4b06-97f1-42a98a80a8b6" testId="9c512752-a5dd-100b-2d0e-3ca1fdb5ca81" testName="Can_Pagination" computerName="XQUANT-JUNWEI" duration="00:00:00.2349016" startTime="2012-01-30T17:11:07.5000000+08:00" endTime="2012-01-30T17:11:07.7343750+08:00" testType="13cdc9d9-ddb5-4fa4-a97d-d965ccfc6d4b" outcome="Passed" testListId="8c84fa94-04c1-424b-9868-57a2d4851a1d" relativeResultsDirectory="6d106fb2-270b-4b06-97f1-42a98a80a8b6">
    </UnitTestResult>
  </Results>
</TestRun>