<?xml version="1.0" encoding="UTF-8"?>
<TestRun id="5f46c46d-7554-48c2-8263-e17c4f62d93f" name="SL410@XQUANT-JUNWEI 2012-01-30 16:57:42" runUser="XQUANT-JUNWEI\SL410" xmlns="http://microsoft.com/schemas/VisualStudio/TeamTest/2010">
  <TestSettings name="本地" id="b00c8703-a420-48f2-8dc0-ceffd2a2d82a">
    <Description>这些设置为本地测试运行的默认测试设置。</Description>
    <Deployment enabled="false" runDeploymentRoot="SL410_XQUANT-JUNWEI 2012-01-30 16_57_42">
      <DeploymentItem filename="E:\net_lib\Ninject-2.2.1.0-release-net-4.0\Ninject.dll" />
      <DeploymentItem filename="E:\net_lib\Moq.4.0.10827\NET40\Moq.dll" />
      <DeploymentItem filename="E:\project\SportsStore\SportsStore.WebUI\bin\SportsStore.WebUI.dll" />
      <DeploymentItem filename="E:\project\SportsStore\SportsStore.Domain\bin\Debug\SportsStore.Domain.dll" />
      <DeploymentItem filename="E:\project\SportsStore\packages\EntityFramework.4.2.0.0\lib\net40\EntityFramework.dll" />
    </Deployment>
    <Execution>
      <TestTypeSpecific />
      <AgentRule name="Execution Agents">
      </AgentRule>
    </Execution>
  </TestSettings>
  <Times creation="2012-01-30T16:57:42.6093750+08:00" queuing="2012-01-30T16:57:42.6718750+08:00" start="2012-01-30T16:57:42.6718750+08:00" finish="2012-01-30T16:57:43.4687500+08:00" />
  <ResultSummary outcome="Failed">
    <Counters total="2" executed="2" passed="1" error="0" failed="1" timeout="0" aborted="0" inconclusive="0" passedButRunAborted="0" notRunnable="0" notExecuted="0" disconnected="0" warning="0" completed="0" inProgress="0" pending="0" />
  </ResultSummary>
  <TestDefinitions>
    <UnitTest name="Can_Pagination" storage="e:\project\sportsstore\sportsstore.unittests\bin\debug\sportsstore.unittests.dll" id="9c512752-a5dd-100b-2d0e-3ca1fdb5ca81">
      <Execution id="f428c14e-133c-4460-909a-341b9c2a6aa4" />
      <TestMethod codeBase="E:/project/SportsStore/SportsStore.UnitTests/bin/Debug/SportsStore.UnitTests.DLL" adapterTypeName="Microsoft.VisualStudio.TestTools.TestTypes.Unit.UnitTestAdapter, Microsoft.VisualStudio.QualityTools.Tips.UnitTest.Adapter, Version=10.0.0.0, Culture=neutral, PublicKeyToken=b03f5f7f11d50a3a" className="SportsStore.UnitTests.ProductControllerTest, SportsStore.UnitTests, Version=1.0.0.0, Culture=neutral, PublicKeyToken=null" name="Can_Pagination" />
    </UnitTest>
    <UnitTest name="Can_Generate_Page_Link" storage="e:\project\sportsstore\sportsstore.unittests\bin\debug\sportsstore.unittests.dll" id="926dd426-9f17-61fd-9877-529a4616624a">
      <Execution id="100fa4a5-3d4d-4686-9510-a79d3ba5ad73" />
      <TestMethod codeBase="E:/project/SportsStore/SportsStore.UnitTests/bin/Debug/SportsStore.UnitTests.DLL" adapterTypeName="Microsoft.VisualStudio.TestTools.TestTypes.Unit.UnitTestAdapter, Microsoft.VisualStudio.QualityTools.Tips.UnitTest.Adapter, Version=10.0.0.0, Culture=neutral, PublicKeyToken=b03f5f7f11d50a3a" className="SportsStore.UnitTests.ProductControllerTest, SportsStore.UnitTests, Version=1.0.0.0, Culture=neutral, PublicKeyToken=null" name="Can_Generate_Page_Link" />
    </UnitTest>
  </TestDefinitions>
  <TestLists>
    <TestList name="列表中未列出的结果" id="8c84fa94-04c1-424b-9868-57a2d4851a1d" />
    <TestList name="所有已加载的结果" id="19431567-8539-422a-85d7-44ee4e166bda" />
  </TestLists>
  <TestEntries>
    <TestEntry testId="926dd426-9f17-61fd-9877-529a4616624a" executionId="100fa4a5-3d4d-4686-9510-a79d3ba5ad73" testListId="8c84fa94-04c1-424b-9868-57a2d4851a1d" />
    <TestEntry testId="9c512752-a5dd-100b-2d0e-3ca1fdb5ca81" executionId="f428c14e-133c-4460-909a-341b9c2a6aa4" testListId="8c84fa94-04c1-424b-9868-57a2d4851a1d" />
  </TestEntries>
  <Results>
    <UnitTestResult executionId="100fa4a5-3d4d-4686-9510-a79d3ba5ad73" testId="926dd426-9f17-61fd-9877-529a4616624a" testName="Can_Generate_Page_Link" computerName="XQUANT-JUNWEI" duration="00:00:00.2725796" startTime="2012-01-30T16:57:42.6875000+08:00" endTime="2012-01-30T16:57:43.2187500+08:00" testType="13cdc9d9-ddb5-4fa4-a97d-d965ccfc6d4b" outcome="Failed" testListId="8c84fa94-04c1-424b-9868-57a2d4851a1d" relativeResultsDirectory="100fa4a5-3d4d-4686-9510-a79d3ba5ad73">
      <Output>
        <ErrorInfo>
          <Message>Assert.AreEqual 失败。应为: &lt;&lt;a href="page1"&gt;1&lt;/a&gt;&lt;a href="page2" class="select"&gt;2&lt;/a&gt;&lt;a href="page3"&gt;3&lt;/a&gt;&gt;，实际为: &lt;&lt;a href="page1"&gt;1&lt;/a&gt;&lt;a class="selected" href="page2"&gt;2&lt;/a&gt;&lt;a href="page3"&gt;3&lt;/a&gt;&gt;。</Message>
          <StackTrace>   在 SportsStore.UnitTests.ProductControllerTest.Can_Generate_Page_Link() 位置 E:\project\SportsStore\SportsStore.UnitTests\ProductControllerTest.cs:行号 118
</StackTrace>
        </ErrorInfo>
      </Output>
    </UnitTestResult>
    <UnitTestResult executionId="f428c14e-133c-4460-909a-341b9c2a6aa4" testId="9c512752-a5dd-100b-2d0e-3ca1fdb5ca81" testName="Can_Pagination" computerName="XQUANT-JUNWEI" duration="00:00:00.2122118" startTime="2012-01-30T16:57:43.2187500+08:00" endTime="2012-01-30T16:57:43.4375000+08:00" testType="13cdc9d9-ddb5-4fa4-a97d-d965ccfc6d4b" outcome="Passed" testListId="8c84fa94-04c1-424b-9868-57a2d4851a1d" relativeResultsDirectory="f428c14e-133c-4460-909a-341b9c2a6aa4">
    </UnitTestResult>
  </Results>
</TestRun>